e:\c++ assignment\assignment\assignment\debug\assignment.pch
e:\c++ assignment\assignment\assignment\debug\vc141.pdb
e:\c++ assignment\assignment\assignment\debug\vc141.idb
e:\c++ assignment\assignment\assignment\debug\pch.obj
e:\c++ assignment\assignment\assignment\debug\usa.obj
e:\c++ assignment\assignment\assignment\debug\middleeast.obj
e:\c++ assignment\assignment\assignment\debug\location.obj
e:\c++ assignment\assignment\assignment\debug\europe.obj
e:\c++ assignment\assignment\assignment\debug\assignment.obj
e:\c++ assignment\assignment\assignment\debug\asia.obj
e:\c++ assignment\assignment\assignment\debug\agent.obj
e:\c++ assignment\assignment\debug\assignment.exe
e:\c++ assignment\assignment\debug\assignment.ilk
e:\c++ assignment\assignment\debug\assignment.pdb
e:\c++ assignment\assignment\assignment\debug\assignment.tlog\cl.command.1.tlog
e:\c++ assignment\assignment\assignment\debug\assignment.tlog\cl.read.1.tlog
e:\c++ assignment\assignment\assignment\debug\assignment.tlog\cl.write.1.tlog
e:\c++ assignment\assignment\assignment\debug\assignment.tlog\link.command.1.tlog
e:\c++ assignment\assignment\assignment\debug\assignment.tlog\link.read.1.tlog
e:\c++ assignment\assignment\assignment\debug\assignment.tlog\link.write.1.tlog
